<?xml version="1.0" encoding="UTF-8"?>
<Site BuildName="(empty)"
	BuildStamp="20200506-1512-Experimental"
	Name="(empty)"
	Generator="ctest-3.16.3"
	CompilerName=""
	CompilerVersion=""
	OSName="Linux"
	Hostname="sd-133715"
	OSRelease="5.4.0-22-generic"
	OSVersion="#26-Ubuntu SMP Fri Apr 3 15:52:56 UTC 2020"
	OSPlatform="x86_64"
	Is64Bits="1"
	VendorString="GenuineIntel"
	VendorID="Intel Corporation"
	FamilyID="6"
	ModelID="79"
	ProcessorCacheSize="35840"
	NumberOfLogicalCPU="56"
	NumberOfPhysicalCPU="28"
	TotalVirtualMemory="1048"
	TotalPhysicalMemory="257852"
	LogicalProcessorsPerPhysical="2"
	ProcessorClockFrequency="1308.34"
	>
	<Testing>
		<StartDateTime>May 06 17:12 CEST</StartDateTime>
		<StartTestTime>1588777935</StartTestTime>
		<TestList>
			<Test>./src/feelpp_mqs_mqs-mqs-1-np-1</Test>
			<Test>./src/feelpp_mqs_mqs-mqs-1-np-6</Test>
		</TestList>
		<Test Status="passed">
			<Name>feelpp_mqs_mqs-mqs-1-np-1</Name>
			<Path>./src</Path>
			<FullName>./src/feelpp_mqs_mqs-mqs-1-np-1</FullName>
			<FullCommandLine>/home/anki/csmi/mqs/build/src/feelpp_mqs_mqs "feelpp_p_mqs"</FullCommandLine>
			<Results>
				<NamedMeasurement type="numeric/double" name="Execution Time">
					<Value>0.828362</Value>
				</NamedMeasurement>
				<NamedMeasurement type="numeric/double" name="Processors">
					<Value>1</Value>
				</NamedMeasurement>
				<NamedMeasurement type="text/string" name="Completion Status">
					<Value>Completed</Value>
				</NamedMeasurement>
				<NamedMeasurement type="text/string" name="Command Line">
					<Value>/home/anki/csmi/mqs/build/src/feelpp_mqs_mqs "feelpp_p_mqs"</Value>
				</NamedMeasurement>
				<Measurement>
					<Value encoding="base64" compression="gzip">eJx9klFv2jAUhd/5FeexVUViBxogb5PGqkpdVRGkPlQRcsMlWEtsz3bpqPbjdwOo2wPjzVHO+e45vn7+sni8f7wr8GCbRpsGr7SxnnBvdLyztmnp9OPqGjrg3esYySBalMuv88ViMBe3IoecFDIrZJ7IyVROZ5DjUT7LJMjstLemIxOT2rlCjsaiQmk7gnVRWxNwJa/xTjzS2AhPtW2M/qB1coacTUaXyLLCMzGisztC3FKHjbcdvhG1Nzef8zplVEO9D2EfIquUWcOpEI4ervY0X5Z1Wj7Mn+pzKabiUoqsOgAtwzwTte/hPu7R6levvKZwljm+xMwrAL+HeDN/L+hUqMCG+zm3cqvuZxi8oIw8rd/kqTfHca7VterVYA125EN/FokUs0QMVeu2is9Yq0jIRCaG39V+KPIBkoNho1sKULyjEPlxrKEN0i0vMVXmh077ACnrUuNWkj0JWtscPcX/ZClLOC13rbDU/BwKjiPGIpvORscW1rmLLegX1W+Hr9j7/3H/AfUK5Bs=</Value>
				</Measurement>
			</Results>
		</Test>
		<Test Status="passed">
			<Name>feelpp_mqs_mqs-mqs-1-np-6</Name>
			<Path>./src</Path>
			<FullName>./src/feelpp_mqs_mqs-mqs-1-np-6</FullName>
			<FullCommandLine>/usr/bin/mpiexec "-n" "6" "/home/anki/csmi/mqs/build/src/feelpp_mqs_mqs" "feelpp_p_mqs"</FullCommandLine>
			<Results>
				<NamedMeasurement type="numeric/double" name="Execution Time">
					<Value>1.0044</Value>
				</NamedMeasurement>
				<NamedMeasurement type="numeric/double" name="Processors">
					<Value>1</Value>
				</NamedMeasurement>
				<NamedMeasurement type="text/string" name="Completion Status">
					<Value>Completed</Value>
				</NamedMeasurement>
				<NamedMeasurement type="text/string" name="Command Line">
					<Value>/usr/bin/mpiexec "-n" "6" "/home/anki/csmi/mqs/build/src/feelpp_mqs_mqs" "feelpp_p_mqs"</Value>
				</NamedMeasurement>
				<Measurement>
					<Value encoding="base64" compression="gzip">eJyFks1u2zAQhO9+hVzmmCCwREq2UulWoG4QIA0Cy0AOhmAw8lomKv6UZJy66MOXso3m4ro3Epz9dmaXL5/nTw9P9xUeTddJ3eGVNsYRHrQM98Z0PZ0erm8gPd6dDIE0gkG9+DKbz0czNmUF+F3Fs4oXST6dTLISfJIXZTYF6Z10RivSIWmtrXg+YQ1qowjGBmm0xzW/wTvFltoEOGpNp+UvWidnyFPOL5F5gxeKCGV2hLAlhY0zCl+J+tvbv/2U0KKjoQ5+70NUCb2GFd4fa2K059mibtP6cfbcnnVRXHKRNQegiTAXidINcBf26OWrE06SP8v8dIlZNAB+j/GmPwZ0ClRhE/NZu7Ir9cOPlqhD7DZs8pS7wdUyz5SwtpetGEoQhdiR88OZJZyVCRuL3m5FPGMtAiFjGRt/E/sxK66WjKlRZHCF5FC6kT15iLgyH+JfWUNqHN7TbVxsKvR3mQ6m0ihOtV2dEEgS9KY7Vlf/0qZREmPEITRYyPhPqmiR5SUv87tjPGPt/+PRT2rfDrcwQD4QRy9/AHWq7RI=</Value>
				</Measurement>
			</Results>
		</Test>
		<EndDateTime>May 06 17:12 CEST</EndDateTime>
		<EndTestTime>1588777936</EndTestTime>
		<ElapsedMinutes>0</ElapsedMinutes>
	</Testing>
</Site>
